[2025-08-15 13:52:58] New order created: ORDER_689f3bba57a66
[2025-08-15 13:52:58] Added product Laptop (x1) to order ORDER_689f3bba57a66
[2025-08-15 13:52:58] Added product Smartphone (x2) to order ORDER_689f3bba57a66
[2025-08-15 13:52:58] Added product Headphones (x1) to order ORDER_689f3bba57a66
[2025-08-15 13:52:58] Applying discount of 10%
[2025-08-15 13:54:03] New order created: ORDER_689f3bfba9cdc
[2025-08-15 13:54:03] Added product Laptop (x1) to order ORDER_689f3bfba9cdc
[2025-08-15 13:54:03] Added product Smartphone (x2) to order ORDER_689f3bfba9cdc
[2025-08-15 13:54:03] Added product Headphones (x1) to order ORDER_689f3bfba9cdc
[2025-08-15 13:54:03] Applying discount of 10%
[2025-08-15 13:54:03] Credit card payment processed. Amount: 2173.46, Transaction ID: CC_689f3bfbb6963, Last 4 digits: 1111
[2025-08-15 13:54:03] Order status changed to: paid
[2025-08-15 13:54:03] Applying discount of 10%
[2025-08-15 13:54:03] Applying discount of 10%
[2025-08-15 17:45:44] New order created: ORDER_689f5628eb48c
[2025-08-15 17:45:44] Added product Laptop (x1) to order ORDER_689f5628eb48c
[2025-08-15 17:45:44] Added product Smartphone (x2) to order ORDER_689f5628eb48c
[2025-08-15 17:45:44] Added product Headphones (x1) to order ORDER_689f5628eb48c
[2025-08-15 17:45:45] Applying discount of 10%
[2025-08-15 17:45:45] Credit card payment processed. Amount: 2173.46, Transaction ID: CC_689f562907cf6, Last 4 digits: 1111
[2025-08-15 17:45:45] Order status changed to: paid
[2025-08-15 17:45:45] Applying discount of 10%
[2025-08-15 17:45:45] Applying discount of 10%
[2025-08-15 17:46:18] New order created: ORDER_689f564a481e0
[2025-08-15 17:46:18] Added product Laptop (x1) to order ORDER_689f564a481e0
[2025-08-15 17:46:18] Added product Smartphone (x2) to order ORDER_689f564a481e0
[2025-08-15 17:46:18] Added product Headphones (x1) to order ORDER_689f564a481e0
[2025-08-15 17:46:18] Applying discount of 10%
[2025-08-15 17:46:18] Credit card payment processed. Amount: 2173.46, Transaction ID: CC_689f564a48d01, Last 4 digits: 1111
[2025-08-15 17:46:18] Order status changed to: paid
[2025-08-15 17:46:18] Applying discount of 10%
[2025-08-15 17:46:18] Applying discount of 10%
[2025-08-15 17:47:35] New order created: ORDER_689f569795aac
[2025-08-15 17:47:35] Added product Laptop (x1) to order ORDER_689f569795aac
[2025-08-15 17:47:35] Added product Smartphone (x2) to order ORDER_689f569795aac
[2025-08-15 17:47:35] Added product Headphones (x1) to order ORDER_689f569795aac
[2025-08-15 17:47:35] Applying discount of 10%
[2025-08-15 17:47:35] Credit card payment processed. Amount: 2173.46, Transaction ID: CC_689f56979629b, Last 4 digits: 1111
[2025-08-15 17:47:35] Order status changed to: paid
[2025-08-15 17:47:35] Applying discount of 10%
[2025-08-15 17:47:35] Applying discount of 10%
[2025-08-15 17:50:53] New order created: ORDER_689f575df21e3
[2025-08-15 17:50:53] Added product Laptop (x1) to order ORDER_689f575df21e3
[2025-08-15 17:50:53] Added product Smartphone (x2) to order ORDER_689f575df21e3
[2025-08-15 17:50:53] Added product Headphones (x1) to order ORDER_689f575df21e3
[2025-08-15 17:50:54] Applying discount of 10%
[2025-08-15 17:50:54] Credit card payment processed. Amount: 2173.46, Transaction ID: CC_689f575e016e8, Last 4 digits: 1111
[2025-08-15 17:50:54] Order status changed to: paid
[2025-08-15 17:50:54] Applying discount of 10%
[2025-08-15 17:50:54] Applying discount of 10%
[2025-08-15 17:53:07] New order created: ORDER_689f57e3d3dd9
[2025-08-15 17:53:07] Added product Laptop (x1) to order ORDER_689f57e3d3dd9
[2025-08-15 17:53:07] Added product Smartphone (x2) to order ORDER_689f57e3d3dd9
[2025-08-15 17:53:07] Added product Headphones (x1) to order ORDER_689f57e3d3dd9
[2025-08-15 17:53:07] Applying discount of 10%
[2025-08-15 17:53:07] Credit card payment processed. Amount: 2173.46, Transaction ID: CC_689f57e3d46f3, Last 4 digits: 1111
[2025-08-15 17:53:07] Order status changed to: paid
[2025-08-15 17:53:07] Applying discount of 10%
[2025-08-15 17:53:07] Applying discount of 10%
[2025-08-15 18:06:34] New order created: ORDER_689f5b0aa30b8
[2025-08-15 18:06:34] Added product Laptop (x1) to order ORDER_689f5b0aa30b8
[2025-08-15 18:06:34] Added product Smartphone (x2) to order ORDER_689f5b0aa30b8
[2025-08-15 18:06:34] Added product Headphones (x1) to order ORDER_689f5b0aa30b8
[2025-08-15 18:06:34] Applying discount of 10%
[2025-08-15 18:06:34] Credit card payment processed. Amount: 2173.46, Transaction ID: CC_689f5b0aa69c3, Last 4 digits: 1111
[2025-08-15 18:06:34] Order status changed to: paid
[2025-08-15 18:06:34] Applying discount of 10%
[2025-08-15 18:06:34] Applying discount of 10%
[2025-08-15 18:06:36] New order created: ORDER_689f5b0c0254b
[2025-08-15 18:06:36] Added product Laptop (x1) to order ORDER_689f5b0c0254b
[2025-08-15 18:06:36] Added product Smartphone (x2) to order ORDER_689f5b0c0254b
[2025-08-15 18:06:36] Added product Headphones (x1) to order ORDER_689f5b0c0254b
[2025-08-15 18:06:36] Applying discount of 10%
[2025-08-15 18:06:36] Credit card payment processed. Amount: 2173.46, Transaction ID: CC_689f5b0c02e5f, Last 4 digits: 1111
[2025-08-15 18:06:36] Order status changed to: paid
[2025-08-15 18:06:36] Applying discount of 10%
[2025-08-15 18:06:36] Applying discount of 10%
[2025-08-15 18:06:36] New order created: ORDER_689f5b0c5151b
[2025-08-15 18:06:36] Added product Laptop (x1) to order ORDER_689f5b0c5151b
[2025-08-15 18:06:36] Added product Smartphone (x2) to order ORDER_689f5b0c5151b
[2025-08-15 18:06:36] Added product Headphones (x1) to order ORDER_689f5b0c5151b
[2025-08-15 18:06:36] Applying discount of 10%
[2025-08-15 18:06:36] Credit card payment processed. Amount: 2173.46, Transaction ID: CC_689f5b0c51cf2, Last 4 digits: 1111
[2025-08-15 18:06:36] Order status changed to: paid
[2025-08-15 18:06:36] Applying discount of 10%
[2025-08-15 18:06:36] Applying discount of 10%
[2025-08-15 18:24:38] New order created: ORDER_689f5f463c8c9
[2025-08-15 18:24:38] Added product Laptop (x1) to order ORDER_689f5f463c8c9
[2025-08-15 18:24:38] Added product Smartphone (x2) to order ORDER_689f5f463c8c9
[2025-08-15 18:24:38] Added product Headphones (x1) to order ORDER_689f5f463c8c9
[2025-08-15 18:24:38] Applying discount of 10%
[2025-08-15 18:24:38] Credit card payment processed. Amount: 2173.46, Transaction ID: CC_689f5f4640e14, Last 4 digits: 1111
[2025-08-15 18:24:38] Order status changed to: paid
[2025-08-15 18:24:38] Applying discount of 10%
[2025-08-15 18:24:38] Applying discount of 10%
[2025-08-15 18:34:27] New order created: ORDER_689f619370a7f
[2025-08-15 18:34:27] Added product Laptop (x1) to order ORDER_689f619370a7f
[2025-08-15 18:34:27] Added product Smartphone (x2) to order ORDER_689f619370a7f
[2025-08-15 18:34:27] Added product Headphones (x1) to order ORDER_689f619370a7f
[2025-08-15 18:34:27] Applying discount of 10%
[2025-08-15 18:34:27] Credit card payment processed. Amount: 2173.46, Transaction ID: CC_689f6193718d5, Last 4 digits: 1111
[2025-08-15 18:34:27] Order status changed to: paid
[2025-08-15 18:34:27] Applying discount of 10%
[2025-08-15 18:34:27] Applying discount of 10%
[2025-08-15 18:58:12] New order created: ORDER_689f67246a440
[2025-08-15 18:58:12] Added product Laptop (x1) to order ORDER_689f67246a440
[2025-08-15 18:58:12] Added product Smartphone (x2) to order ORDER_689f67246a440
[2025-08-15 18:58:12] Added product Headphones (x1) to order ORDER_689f67246a440
[2025-08-15 18:58:12] Applying discount of 10%
[2025-08-15 18:58:12] Credit card payment processed. Amount: 2173.46, Transaction ID: CC_689f6724795eb, Last 4 digits: 1111
[2025-08-15 18:58:12] Order status changed to: paid
[2025-08-15 18:58:12] Applying discount of 10%
[2025-08-15 18:58:12] Applying discount of 10%
[2025-08-15 18:58:12] Applying discount of 10%
[2025-08-15 18:58:12] Applying discount of 10%
[2025-08-15 18:58:12] Applying discount of 10%
